   2.5428469484814871E-004
   4.1910663899965737E-004
   6.7283413188658323E-004
   1.0521308408633196E-003
   1.6025463554037967E-003
   2.3775504812157309E-003
   3.4357977310393861E-003
   4.8362008260014787E-003
   6.6307084244744781E-003
   8.8551121210691825E-003
   1.1518790878994567E-002
   1.4594809129662099E-002
   1.8012279020777740E-002
   2.1652985971792511E-002
   2.5353960325104952E-002
   2.8916910559112902E-002
   3.2124555620698110E-002
   3.4761703075690521E-002
   3.6639004280422056E-002
   3.7615334528418358E-002
   3.7615334528418358E-002
   3.6639004280422056E-002
   3.4761703075690521E-002
   3.2124570226425023E-002
   2.8916939770566724E-002
   2.5353960325104952E-002
   2.1652994317922173E-002
   1.8012287366907406E-002
   1.4594823735389010E-002
   1.1518797138591814E-002
   8.8551121210691825E-003
   6.6307120759062053E-003
   4.8362029125338952E-003
   3.4357992959386978E-003
   2.3775515244819391E-003
   1.6025463554037967E-003
   1.0521308408633196E-003
   6.7283413188658323E-004
   4.1910706282655434E-004
   2.5428492306263167E-004
   4.1910663899965737E-004
   6.9076272687339398E-004
   1.1089510307935519E-003
   1.7340998768703678E-003
   2.6412806148915385E-003
   3.9186283741000196E-003
   5.6628093323372753E-003
   7.9709241878203572E-003
   1.0928594319864300E-002
   1.4594809129662099E-002
   1.8985028779148549E-002
   2.4054858118112896E-002
   2.9687473239861279E-002
   3.5687992016758943E-002
   4.1787844342375112E-002
   4.7660243769346043E-002
   5.2947037008501445E-002
   5.7293505203027409E-002
   6.0387628295466747E-002
   6.1996803825172059E-002
   6.1996803825172059E-002
   6.0387661679985404E-002
   5.7293530241416396E-002
   5.2947037008501445E-002
   4.7660264634670199E-002
   4.1787865207699268E-002
   3.5688012882083099E-002
   2.9687485759055773E-002
   2.4054881069969468E-002
   1.8985037125278215E-002
   1.4594809129662099E-002
   1.0928594319864300E-002
   7.9709273176189806E-003
   5.6628145486683152E-003
   3.9186283741000196E-003
   2.6412832230570584E-003
   1.7341014417696797E-003
   1.1089510307935519E-003
   6.9076344411891195E-004
   4.1910706282655434E-004
   6.7283413188658323E-004
   1.1089510307935519E-003
   1.7803090062001019E-003
   2.7839240561480321E-003
   4.2403116848078338E-003
   6.2909661757080040E-003
   9.0910738989060050E-003
   1.2796520734451689E-002
   1.7544766394631074E-002
   2.3430507109868565E-002
   3.0478565313048607E-002
   3.8617683835639564E-002
   4.7660264634670199E-002
   5.7293505203027409E-002
   6.7086198578599265E-002
   7.6513794685121081E-002
   8.5001174246699077E-002
   9.1978989336101546E-002
   9.6946305250945733E-002
   9.9529716150101893E-002
   9.9529716150101893E-002
   9.6946346981594045E-002
   9.1979031066749872E-002
   8.5001174246699077E-002
   7.6513794685121081E-002
   6.7086231963117915E-002
   5.7293555279805390E-002
   4.7660289673059186E-002
   3.8617704700963720E-002
   3.0478579918775516E-002
   2.3430507109868565E-002
   1.7544766394631074E-002
   1.2796534296912392E-002
   9.0910780719708362E-003
   6.2909661757080040E-003
   4.2403179444050806E-003
   2.7839250994142399E-003
   1.7803108319159658E-003
   1.1089510307935519E-003
   6.7283413188658323E-004
   1.0521308408633196E-003
   1.7340998768703678E-003
   2.7839240561480321E-003
   4.3533070653352674E-003
   6.6307052946758538E-003
   9.8373764672559927E-003
   1.4215991866712029E-002
   2.0010313250684111E-002
   2.7435274323322736E-002
   3.6639004280422056E-002
   4.7660243769346043E-002
   6.0387628295466747E-002
   7.4527816439513131E-002
   8.9591612330473663E-002
  0.10490472380673206     
  0.11964690159112276     
  0.13291888359695905     
  0.14383037148081251     
  0.15159786397442440     
  0.15563759103850514     
  0.15563759103850514     
  0.15159789735894308     
  0.14383038817307184     
  0.13291888359695905     
  0.11964693497564141     
  0.10490474884512105     
   8.9591654061121975E-002
   7.4527816439513131E-002
   6.0387661679985404E-002
   4.7660289673059186E-002
   3.6639004280422056E-002
   2.7435274323322736E-002
   2.0010321596813773E-002
   1.4215998126309276E-002
   9.8373764672559927E-003
   6.6307120759062053E-003
   4.3533094126842354E-003
   2.7839250994142399E-003
   1.7341014417696797E-003
   1.0521308408633196E-003
   1.6025463554037967E-003
   2.6412806148915385E-003
   4.2403116848078338E-003
   6.6307052946758538E-003
   1.0099511707716481E-002
   1.4983723122972177E-002
   2.1652985971792511E-002
   3.0478565313048607E-002
   4.1787823477050949E-002
   5.5806412684969949E-002
   7.2593392236834531E-002
   9.1978989336101546E-002
  0.11351646070029112     
  0.13646081410341035     
  0.15978484963716599     
  0.18223927688292815     
  0.20245443754006484     
  0.21907415230735006     
  0.23090515833458269     
  0.23705822558293116     
  0.23705822558293116     
  0.23090527518039797     
  0.21907420238412803     
  0.20245443754006484     
  0.18223932695970613     
  0.15978491640620332     
  0.13646081410341035     
  0.11351652746932842     
   9.1978989336101546E-002
   7.2593392236834531E-002
   5.5806437723358943E-002
   4.1787865207699268E-002
   3.0478565313048607E-002
   2.1652985971792511E-002
   1.4983729382569424E-002
   1.0099516924047520E-002
   6.6307120759062053E-003
   4.2403179444050806E-003
   2.6412832230570584E-003
   1.6025463554037967E-003
   2.3775504812157309E-003
   3.9186283741000196E-003
   6.2909661757080040E-003
   9.8373764672559927E-003
   1.4983723122972177E-002
   2.2229991472990155E-002
   3.2124555620698110E-002
   4.5218262210396931E-002
   6.1996803825172059E-002
   8.2794908254761726E-002
  0.10770015978385110     
  0.13646081410341035     
  0.16841404663398038     
  0.20245443754006484     
  0.23705822558293116     
  0.27037185221020704     
  0.30036315169472871     
  0.32502035625022901     
  0.34257296800674347     
  0.35170173094067586     
  0.35170173094067586     
  0.34257303477578077     
  0.32502045640378496     
  0.30036315169472871     
  0.27037190228698504     
  0.23705829235196846     
  0.20245455438588011     
  0.16841408001849903     
  0.13646088921857732     
  0.10770024324514774     
   8.2794908254761726E-002
   6.1996828863561053E-002
   4.5218283075721094E-002
   3.2124570226425023E-002
   2.2229991472990155E-002
   1.4983737728699086E-002
   9.8373816835870317E-003
   6.2909687838735243E-003
   3.9186304606324360E-003
   2.3775515244819391E-003
   3.4357977310393861E-003
   5.6628093323372753E-003
   9.0910738989060050E-003
   1.4215991866712029E-002
   2.1652985971792511E-002
   3.2124555620698110E-002
   4.6423209642126477E-002
   6.5344933027779967E-002
   8.9591612330473663E-002
  0.11964690159112276     
  0.15563755765398649     
  0.19719959745832483     
  0.24337516074108606     
  0.29256693182281623     
  0.34257296800674347     
  0.39071444543940242     
  0.43405482847558863     
  0.46968695984651204     
  0.49505235019619070     
  0.50824407581918607     
  0.50824407581918607     
  0.49505235019619070     
  0.46968695984651204     
  0.43405496201366323     
  0.39071454559295837     
  0.34257296800674347     
  0.29256703197637218     
  0.24337521081786406     
  0.19719964753510283     
  0.15563759103850514     
  0.11964693497564141     
   8.9591654061121975E-002
   6.5344933027779967E-002
   4.6423209642126477E-002
   3.2124570226425023E-002
   2.1652994317922173E-002
   1.4215998126309276E-002
   9.0910780719708362E-003
   5.6628145486683152E-003
   3.4357992959386978E-003
   4.8362008260014787E-003
   7.9709241878203572E-003
   1.2796520734451689E-002
   2.0010313250684111E-002
   3.0478565313048607E-002
   4.5218262210396931E-002
   6.5344933027779967E-002
   9.1978989336101546E-002
  0.12610841675343257     
  0.16841401324946173     
  0.21907415230735006     
  0.27757654848837288     
  0.34257286785318752     
  0.41181486337765100     
  0.48220278250486620     
  0.54996651154339105     
  0.61097201216395103     
  0.66112757760692342     
  0.69683165261554336     
  0.71540018865917610     
  0.71540018865917610     
  0.69683165261554336     
  0.66112757760692342     
  0.61097221247106304     
  0.54996661169694694     
  0.48220301619649675     
  0.41181493014668830     
  0.34257296800674347     
  0.27757659856515082     
  0.21907420238412803     
  0.16841404663398038     
  0.12610847517634022     
   9.1978989336101546E-002
   6.5344933027779967E-002
   4.5218283075721094E-002
   3.0478579918775516E-002
   2.0010321596813773E-002
   1.2796534296912392E-002
   7.9709273176189806E-003
   4.8362029125338952E-003
   6.6307084244744781E-003
   1.0928594319864300E-002
   1.7544766394631074E-002
   2.7435274323322736E-002
   4.1787823477050949E-002
   6.1996803825172059E-002
   8.9591612330473663E-002
  0.12610841675343257     
  0.17290179393837948     
  0.23090515833458269     
  0.30036308492569141     
  0.38057319682377289     
  0.46968685969295609     
  0.56462168092604326     
  0.66112757760692342     
  0.75403529086742271     
  0.83767753159010694     
  0.90644343049406517     
  0.95539575111575936     
  0.98085451796410938     
  0.98085451796410938     
  0.95539575111575936     
  0.90644349726310247     
  0.83767759835914424     
  0.75403542440549731     
  0.66112771114499802     
  0.56462181446411785     
  0.46968709338458670     
  0.38057329697732883     
  0.30036331861732196     
  0.23090527518039797     
  0.17290182732289813     
  0.12610847517634022     
   8.9591654061121975E-002
   6.1996803825172059E-002
   4.1787865207699268E-002
   2.7435301448244142E-002
   1.7544772654228321E-002
   1.0928599536195339E-002
   6.6307120759062053E-003
   8.8551121210691825E-003
   1.4594809129662099E-002
   2.3430507109868565E-002
   3.6639004280422056E-002
   5.5806412684969949E-002
   8.2794908254761726E-002
  0.11964690159112276     
  0.16841401324946173     
  0.23090515833458269     
  0.30836698988814198     
  0.40112597511804365     
  0.50824407581918607     
  0.62725270714431880     
  0.75403529086742271     
  0.88291602481880738     
   1.0069915914624437     
   1.1186932530365183     
   1.2105281214055963     
   1.2759024870596334     
   1.3099018150077752     
   1.3099018150077752     
   1.2759024870596334     
   1.2105282549436709     
   1.1186935201126675     
   1.0069919253076303     
  0.88291629189495657     
  0.75403542440549731     
  0.62725297422046800     
  0.50824430951081667     
  0.40112617542515561     
  0.30836705665717928     
  0.23090527518039797     
  0.16841408001849903     
  0.11964696001403040     
   8.2794908254761726E-002
   5.5806437723358943E-002
   3.6639016799616550E-002
   2.3430517542530647E-002
   1.4594823735389010E-002
   8.8551162941340137E-003
   1.1518790878994567E-002
   1.8985028779148549E-002
   3.0478565313048607E-002
   4.7660243769346043E-002
   7.2593392236834531E-002
  0.10770015978385110     
  0.15563755765398649     
  0.21907415230735006     
  0.30036308492569141     
  0.40112597511804365     
  0.52178747396166836     
  0.66112757760692342     
  0.81593486228201895     
  0.98085451796410938     
   1.1485034248150900     
   1.3099018150077752     
   1.4552041933772790     
   1.5746634823197037     
   1.6597027983789634     
   1.7039296739234515     
   1.7039298074615261     
   1.6597031989931872     
   1.5746637493958529     
   1.4552043269153536     
   1.3099022156219990     
   1.1485036918912392     
  0.98085478504025858     
  0.81593526289624274     
  0.66112771114499802     
  0.52178767426878025     
  0.40112607527159960     
  0.30036331861732196     
  0.21907420238412803     
  0.15563759103850514     
  0.10770024324514774     
   7.2593433967482843E-002
   4.7660289673059186E-002
   3.0478579918775516E-002
   1.8985037125278215E-002
   1.1518797138591814E-002
   1.4594809129662099E-002
   2.4054858118112896E-002
   3.8617683835639564E-002
   6.0387628295466747E-002
   9.1978989336101546E-002
  0.13646081410341035     
  0.19719959745832483     
  0.27757654848837288     
  0.38057319682377289     
  0.50824407581918607     
  0.66112757760692342     
  0.83767753159010694     
   1.0338251327889092     
   1.2427855787085182     
   1.4552037927630552     
   1.6597027983789634     
   1.8438070680119023     
   1.9951675346741877     
   2.1029162021636409     
   2.1589533185647602     
   2.1589534521028346     
   2.1029163357017158     
   1.9951678017503369     
   1.8438074686261261     
   1.6597033325312618     
   1.4552043269153536     
   1.2427859793227420     
   1.0338256001721704     
  0.83767779866625613     
  0.66112771114499802     
  0.50824430951081667     
  0.38057329697732883     
  0.27757659856515082     
  0.19719964753510283     
  0.13646085583405868     
   9.1979031066749872E-002
   6.0387661679985404E-002
   3.8617704700963720E-002
   2.4054881069969468E-002
   1.4594823735389010E-002
   1.8012279020777740E-002
   2.9687473239861279E-002
   4.7660264634670199E-002
   7.4527816439513131E-002
  0.11351646070029112     
  0.16841404663398038     
  0.24337516074108606     
  0.34257286785318752     
  0.46968685969295609     
  0.62725270714431880     
  0.81593486228201895     
   1.0338251327889092     
   1.2759023535215588     
   1.5337918844378797     
   1.7959496928329772     
   2.0483333153950309     
   2.2755470139641174     
   2.4623491533184128     
   2.5953279704724830     
   2.6644865380848337     
   2.6644868051609829     
   2.5953282375486322     
   2.4623494203945619     
   2.2755472810402666     
   2.0483338495473293     
   1.7959500934472010     
   1.5337922850521035     
   1.2759028876738574     
   1.0338256001721704     
  0.81593539643431734     
  0.62725297422046800     
  0.46968709338458670     
  0.34257303477578077     
  0.24337527758690136     
  0.16841408001849903     
  0.11351654416158774     
   7.4527858170161457E-002
   4.7660289673059186E-002
   2.9687485759055773E-002
   1.8012287366907406E-002
   2.1652985971792511E-002
   3.5687992016758943E-002
   5.7293505203027409E-002
   8.9591612330473663E-002
  0.13646081410341035     
  0.20245443754006484     
  0.29256693182281623     
  0.41181486337765100     
  0.56462168092604326     
  0.75403529086742271     
  0.98085451796410938     
   1.2427855787085182     
   1.5337918844378797     
   1.8438070680119023     
   2.1589533185647602     
   2.4623491533184128     
   2.7354879311268094     
   2.9600476940010858     
   3.1199045206604672     
   3.2030418539230490     
   3.2030418539230490     
   3.1199047877366164     
   2.9600479610772354     
   2.7354884652791083     
   2.4623499545468603     
   2.1589538527170586     
   1.8438076021642007     
   1.5337924185901781     
   1.2427859793227420     
  0.98085485180929588     
  0.75403542440549731     
  0.56462181446411785     
  0.41181493014668830     
  0.29256703197637218     
  0.20245455438588011     
  0.13646088921857732     
   8.9591654061121975E-002
   5.7293555279805390E-002
   3.5688012882083099E-002
   2.1652994317922173E-002
   2.5353960325104952E-002
   4.1787844342375112E-002
   6.7086198578599265E-002
  0.10490472380673206     
  0.15978484963716599     
  0.23705822558293116     
  0.34257296800674347     
  0.48220278250486620     
  0.66112757760692342     
  0.88291602481880738     
   1.1485034248150900     
   1.4552037927630552     
   1.7959496928329772     
   2.1589533185647602     
   2.5279644216590476     
   2.8832176310785091     
   3.2030413197707506     
   3.4659831302018866     
   3.6531626481550314     
   3.7505100350130700     
   3.7505100350130700     
   3.6531631823073298     
   3.4659833972780358     
   3.2030418539230490     
   2.8832181652308075     
   2.5279649558113459     
   2.1589538527170586     
   1.7959506275994994     
   1.4552045939915028     
   1.1485040925054630     
  0.88291629189495657     
  0.66112771114499802     
  0.48220301619649675     
  0.34257303477578077     
  0.23705829235196846     
  0.15978496648298129     
  0.10490479892189902     
   6.7086231963117915E-002
   4.1787865207699268E-002
   2.5353960325104952E-002
   2.8916910559112902E-002
   4.7660243769346043E-002
   7.6513794685121081E-002
  0.11964690159112276     
  0.18223927688292815     
  0.27037185221020704     
  0.39071444543940242     
  0.54996651154339105     
  0.75403529086742271     
   1.0069915914624437     
   1.3099018150077752     
   1.6597027983789634     
   2.0483333153950309     
   2.4623491533184128     
   2.8832176310785091     
   3.2883937826149721     
   3.6531623810788822     
   3.9530552450593515     
   4.1665390929492805     
   4.2775663872465719     
   4.2775663872465719     
   4.1665396271015789     
   3.9530555121355007     
   3.6531634493834790     
   3.2883948509195688     
   2.8832181652308075     
   2.4623502216230095     
   2.0483339830854042     
   1.6597034660693364     
   1.3099023491600736     
   1.0069919253076303     
  0.75403569148164651     
  0.54996674523502154     
  0.39071454559295837     
  0.27037190228698504     
  0.18223941042100278     
  0.11964696001403040     
   7.6513828069639730E-002
   4.7660289673059186E-002
   2.8916939770566724E-002
   3.2124555620698110E-002
   5.2947037008501445E-002
   8.5001174246699077E-002
  0.13291888359695905     
  0.20245443754006484     
  0.30036315169472871     
  0.43405482847558863     
  0.61097201216395103     
  0.83767753159010694     
   1.1186932530365183     
   1.4552041933772790     
   1.8438070680119023     
   2.2755470139641174     
   2.7354879311268094     
   3.2030413197707506     
   3.6531623810788822     
   4.0583932832259348     
   4.3915520840487847     
   4.6287170399378486     
   4.7520602837803203     
   4.7520602837803203     
   4.6287175740901469     
   4.3915523511249344     
   4.0583943515305325     
   3.6531634493834790     
   3.2030421209991982     
   2.7354887323552575     
   2.2755478151925650     
   1.8438080027784245     
   1.4552049946057266     
   1.1186935868817047     
  0.83767779866625613     
  0.61097234600913763     
  0.43405502878270058     
  0.30036331861732196     
  0.20245455438588011     
  0.13291897540438535     
   8.5001215977347389E-002
   5.2947062046890432E-002
   3.2124570226425023E-002
   3.4761703075690521E-002
   5.7293505203027409E-002
   9.1978989336101546E-002
  0.14383037148081251     
  0.21907415230735006     
  0.32502035625022901     
  0.46968695984651204     
  0.66112757760692342     
  0.90644343049406517     
   1.2105281214055963     
   1.5746634823197037     
   1.9951675346741877     
   2.4623491533184128     
   2.9600476940010858     
   3.4659831302018866     
   3.9530552450593515     
   4.3915520840487847     
   4.7520597496280219     
   5.0086937555668545     
   5.1421623903785969     
   5.1421623903785969     
   5.0086942897191529     
   4.7520602837803203     
   4.3915528852772328     
   3.9530560462877991     
   3.4659836643541850     
   2.9600487623056830     
   2.4623502216230095     
   1.9951683359026355     
   1.5746642835481512     
   1.2105283884817455     
  0.90644383110828897     
  0.66112771114499802     
  0.46968709338458670     
  0.32502045640378496     
  0.21907425246090600     
  0.14383043824984981     
   9.1979031066749872E-002
   5.7293555279805390E-002
   3.4761717681417434E-002
   3.6639004280422056E-002
   6.0387628295466747E-002
   9.6946305250945733E-002
  0.15159786397442440     
  0.23090515833458269     
  0.34257296800674347     
  0.49505235019619070     
  0.69683165261554336     
  0.95539575111575936     
   1.2759024870596334     
   1.6597027983789634     
   2.1029162021636409     
   2.5953279704724830     
   3.1199045206604672     
   3.6531626481550314     
   4.1665390929492805     
   4.6287170399378486     
   5.0086937555668545     
   5.2791874111933659     
   5.4198638971202859     
   5.4198638971202859     
   5.2791879453456643     
   5.0086948238714522     
   4.6287175740901469     
   4.1665401612538773     
   3.6531637164596282     
   3.1199050548127656     
   2.5953290387770798     
   2.1029170033920890     
   1.6597035996074110     
   1.2759028876738574     
  0.95539615172998316     
  0.69683198646072986     
  0.49505261727233996     
  0.34257303477578077     
  0.23090532525717594     
  0.15159796412798038     
   9.6946346981594045E-002
   6.0387661679985404E-002
   3.6639016799616550E-002
   3.7615334528418358E-002
   6.1996803825172059E-002
   9.9529716150101893E-002
  0.15563759103850514     
  0.23705822558293116     
  0.35170173094067586     
  0.50824407581918607     
  0.71540018865917610     
  0.98085451796410938     
   1.3099018150077752     
   1.7039296739234515     
   2.1589533185647602     
   2.6644865380848337     
   3.2030418539230490     
   3.7505100350130700     
   4.2775663872465719     
   4.7520602837803203     
   5.1421623903785969     
   5.4198638971202859     
   5.5642890638776734     
   5.5642890638776734     
   5.4198644312725843     
   5.1421629245308953     
   4.7520608179326196     
   4.2775674555511687     
   3.7505108362415176     
   3.2030426551514966     
   2.6644876063894305     
   2.1589541197932078     
   1.7039304751518993     
   1.3099022156219990     
  0.98085485180929588     
  0.71540052250436259     
  0.50824430951081667     
  0.35170183109423186     
  0.23705839250552441     
  0.15563765780754243     
   9.9529757880750219E-002
   6.1996862248079702E-002
   3.7615372086001846E-002
   3.7615334528418358E-002
   6.1996803825172059E-002
   9.9529716150101893E-002
  0.15563759103850514     
  0.23705822558293116     
  0.35170173094067586     
  0.50824407581918607     
  0.71540018865917610     
  0.98085451796410938     
   1.3099018150077752     
   1.7039298074615261     
   2.1589534521028346     
   2.6644868051609829     
   3.2030418539230490     
   3.7505100350130700     
   4.2775663872465719     
   4.7520602837803203     
   5.1421623903785969     
   5.4198638971202859     
   5.5642890638776734     
   5.5642890638776734     
   5.4198644312725843     
   5.1421634586831937     
   4.7520608179326196     
   4.2775674555511687     
   3.7505108362415176     
   3.2030426551514966     
   2.6644878734655797     
   2.1589542533312822     
   1.7039304751518993     
   1.3099022156219990     
  0.98085485180929588     
  0.71540052250436259     
  0.50824430951081667     
  0.35170183109423186     
  0.23705839250552441     
  0.15563765780754243     
   9.9529757880750219E-002
   6.1996862248079702E-002
   3.7615372086001846E-002
   3.6639004280422056E-002
   6.0387661679985404E-002
   9.6946346981594045E-002
  0.15159789735894308     
  0.23090527518039797     
  0.34257303477578077     
  0.49505235019619070     
  0.69683165261554336     
  0.95539575111575936     
   1.2759024870596334     
   1.6597031989931872     
   2.1029163357017158     
   2.5953282375486322     
   3.1199047877366164     
   3.6531631823073298     
   4.1665396271015789     
   4.6287175740901469     
   5.0086942897191529     
   5.2791879453456643     
   5.4198644312725843     
   5.4198644312725843     
   5.2791884794979627     
   5.0086948238714522     
   4.6287181082424453     
   4.1665404283300269     
   3.6531639835357774     
   3.1199055889650640     
   2.5953290387770798     
   2.1029172704682382     
   1.6597038666835602     
   1.2759028876738574     
  0.95539615172998316     
  0.69683198646072986     
  0.49505261727233996     
  0.34257320169837402     
  0.23090537533395392     
  0.15159801420475835     
   9.6946388712242371E-002
   6.0387686718374391E-002
   3.6639016799616550E-002
   3.4761703075690521E-002
   5.7293530241416396E-002
   9.1979031066749872E-002
  0.14383038817307184     
  0.21907420238412803     
  0.32502045640378496     
  0.46968695984651204     
  0.66112757760692342     
  0.90644349726310247     
   1.2105282549436709     
   1.5746637493958529     
   1.9951678017503369     
   2.4623494203945619     
   2.9600479610772354     
   3.4659833972780358     
   3.9530555121355007     
   4.3915523511249344     
   4.7520602837803203     
   5.0086948238714522     
   5.1421629245308953     
   5.1421634586831937     
   5.0086948238714522     
   4.7520613520849180     
   4.3915534194295311     
   3.9530568475162466     
   3.4659844655826326     
   2.9600487623056830     
   2.4623504886991592     
   1.9951684694407101     
   1.5746644170862258     
   1.2105285220198201     
  0.90644389787732627     
  0.66112784468307273     
  0.46968719353814264     
  0.32502052317282232     
  0.21907430253768398     
  0.14383047163436846     
   9.1979072797398184E-002
   5.7293555279805390E-002
   3.4761717681417434E-002
   3.2124570226425023E-002
   5.2947037008501445E-002
   8.5001174246699077E-002
  0.13291888359695905     
  0.20245443754006484     
  0.30036315169472871     
  0.43405496201366323     
  0.61097221247106304     
  0.83767759835914424     
   1.1186935201126675     
   1.4552043269153536     
   1.8438074686261261     
   2.2755472810402666     
   2.7354884652791083     
   3.2030418539230490     
   3.6531634493834790     
   4.0583943515305325     
   4.3915528852772328     
   4.6287175740901469     
   4.7520608179326196     
   4.7520608179326196     
   4.6287181082424453     
   4.3915534194295311     
   4.0583951527589797     
   3.6531642506119266     
   3.2030426551514966     
   2.7354895335837051     
   2.2755480822687142     
   1.8438082698545737     
   1.4552051281438012     
   1.1186937871888167     
  0.83767793220433073     
  0.61097247954721223     
  0.43405502878270058     
  0.30036331861732196     
  0.20245455438588011     
  0.13291897540438535     
   8.5001215977347389E-002
   5.2947062046890432E-002
   3.2124586918684347E-002
   2.8916939770566724E-002
   4.7660264634670199E-002
   7.6513794685121081E-002
  0.11964693497564141     
  0.18223932695970613     
  0.27037190228698504     
  0.39071454559295837     
  0.54996661169694694     
  0.75403542440549731     
   1.0069919253076303     
   1.3099022156219990     
   1.6597033325312618     
   2.0483338495473293     
   2.4623499545468603     
   2.8832181652308075     
   3.2883948509195688     
   3.6531634493834790     
   3.9530560462877991     
   4.1665401612538773     
   4.2775674555511687     
   4.2775674555511687     
   4.1665404283300269     
   3.9530568475162466     
   3.6531642506119266     
   3.2883953850718672     
   2.8832189664592551     
   2.4623507557753084     
   2.0483345172377025     
   1.6597038666835602     
   1.3099027497742974     
   1.0069921923837795     
  0.75403569148164651     
  0.54996674523502154     
  0.39071467913103297     
  0.27037196905602234     
  0.18223944380552143     
  0.11964701843693804     
   7.6513828069639730E-002
   4.7660289673059186E-002
   2.8916952289761221E-002
   2.5353960325104952E-002
   4.1787865207699268E-002
   6.7086231963117915E-002
  0.10490474884512105     
  0.15978491640620332     
  0.23705829235196846     
  0.34257296800674347     
  0.48220301619649675     
  0.66112771114499802     
  0.88291629189495657     
   1.1485036918912392     
   1.4552043269153536     
   1.7959500934472010     
   2.1589538527170586     
   2.5279649558113459     
   2.8832181652308075     
   3.2030421209991982     
   3.4659836643541850     
   3.6531637164596282     
   3.7505108362415176     
   3.7505108362415176     
   3.6531639835357774     
   3.4659844655826326     
   3.2030426551514966     
   2.8832189664592551     
   2.5279657570397935     
   2.1589543868693570     
   1.7959508946756486     
   1.4552051281438012     
   1.1485043595816122     
  0.88291649220206847     
  0.66112804499018463     
  0.48220324988812735     
  0.34257320169837402     
  0.23705839250552441     
  0.15978499986749994     
  0.10490483230641767     
   6.7086265347636564E-002
   4.1787881899958593E-002
   2.5353972844299445E-002
   2.1652994317922173E-002
   3.5688012882083099E-002
   5.7293555279805390E-002
   8.9591654061121975E-002
  0.13646081410341035     
  0.20245455438588011     
  0.29256703197637218     
  0.41181493014668830     
  0.56462181446411785     
  0.75403542440549731     
  0.98085478504025858     
   1.2427859793227420     
   1.5337922850521035     
   1.8438076021642007     
   2.1589538527170586     
   2.4623502216230095     
   2.7354887323552575     
   2.9600487623056830     
   3.1199050548127656     
   3.2030426551514966     
   3.2030426551514966     
   3.1199055889650640     
   2.9600487623056830     
   2.7354895335837051     
   2.4623507557753084     
   2.1589543868693570     
   1.8438082698545737     
   1.5337929527424765     
   1.2427862463988912     
  0.98085518565448238     
  0.75403569148164651     
  0.56462208154026716     
  0.41181523060735620     
  0.29256723228348408     
  0.20245455438588011     
  0.13646088921857732     
   8.9591695791770287E-002
   5.7293588664324040E-002
   3.5688046266601756E-002
   2.1653015183246332E-002
   1.8012287366907406E-002
   2.9687485759055773E-002
   4.7660289673059186E-002
   7.4527816439513131E-002
  0.11351652746932842     
  0.16841408001849903     
  0.24337521081786406     
  0.34257296800674347     
  0.46968709338458670     
  0.62725297422046800     
  0.81593526289624274     
   1.0338256001721704     
   1.2759028876738574     
   1.5337924185901781     
   1.7959506275994994     
   2.0483339830854042     
   2.2755478151925650     
   2.4623502216230095     
   2.5953290387770798     
   2.6644876063894305     
   2.6644878734655797     
   2.5953290387770798     
   2.4623504886991592     
   2.2755480822687142     
   2.0483345172377025     
   1.7959508946756486     
   1.5337929527424765     
   1.2759031547500066     
   1.0338260675554316     
  0.81593559674142924     
  0.62725330806565449     
  0.46968729369169859     
  0.34257320169837402     
  0.24337539443271664     
  0.16841416347979568     
  0.11351657754610640     
   7.4527891554680106E-002
   4.7660314711448180E-002
   2.9687498278250266E-002
   1.8012304059166730E-002
   1.4594823735389010E-002
   2.4054881069969468E-002
   3.8617704700963720E-002
   6.0387661679985404E-002
   9.1978989336101546E-002
  0.13646088921857732     
  0.19719964753510283     
  0.27757659856515082     
  0.38057329697732883     
  0.50824430951081667     
  0.66112771114499802     
  0.83767779866625613     
   1.0338256001721704     
   1.2427859793227420     
   1.4552045939915028     
   1.6597034660693364     
   1.8438080027784245     
   1.9951683359026355     
   2.1029170033920890     
   2.1589541197932078     
   2.1589542533312822     
   2.1029172704682382     
   1.9951684694407101     
   1.8438082698545737     
   1.6597038666835602     
   1.4552051281438012     
   1.2427862463988912     
   1.0338260675554316     
  0.83767819928047993     
  0.66112804499018463     
  0.50824444304889127     
  0.38057336374636613     
  0.27757681556452207     
  0.19719978107317743     
  0.13646088921857732     
   9.1979031066749872E-002
   6.0387686718374391E-002
   3.8617721393223045E-002
   2.4054891502631546E-002
   1.4594829994986257E-002
   1.1518797138591814E-002
   1.8985037125278215E-002
   3.0478579918775516E-002
   4.7660289673059186E-002
   7.2593392236834531E-002
  0.10770024324514774     
  0.15563759103850514     
  0.21907420238412803     
  0.30036331861732196     
  0.40112617542515561     
  0.52178767426878025     
  0.66112771114499802     
  0.81593539643431734     
  0.98085485180929588     
   1.1485040925054630     
   1.3099023491600736     
   1.4552049946057266     
   1.5746642835481512     
   1.6597035996074110     
   1.7039304751518993     
   1.7039304751518993     
   1.6597038666835602     
   1.5746644170862258     
   1.4552051281438012     
   1.3099027497742974     
   1.1485043595816122     
  0.98085518565448238     
  0.81593559674142924     
  0.66112804499018463     
  0.52178794134492945     
  0.40112617542515561     
  0.30036338538635932     
  0.21907430253768398     
  0.15563765780754243     
  0.10770025993740706     
   7.2593467352001506E-002
   4.7660314711448180E-002
   3.0478594524502429E-002
   1.8985055904069955E-002
   1.1518802354922853E-002
   8.8551121210691825E-003
   1.4594809129662099E-002
   2.3430507109868565E-002
   3.6639004280422056E-002
   5.5806437723358943E-002
   8.2794908254761726E-002
  0.11964693497564141     
  0.16841404663398038     
  0.23090527518039797     
  0.30836705665717928     
  0.40112607527159960     
  0.50824430951081667     
  0.62725297422046800     
  0.75403542440549731     
  0.88291629189495657     
   1.0069919253076303     
   1.1186935868817047     
   1.2105283884817455     
   1.2759028876738574     
   1.3099022156219990     
   1.3099022156219990     
   1.2759028876738574     
   1.2105285220198201     
   1.1186937871888167     
   1.0069921923837795     
  0.88291649220206847     
  0.75403569148164651     
  0.62725330806565449     
  0.50824444304889127     
  0.40112617542515561     
  0.30836712342621658     
  0.23090537533395392     
  0.16841408001849903     
  0.11964696001403040     
   8.2794949985410038E-002
   5.5806462761747930E-002
   3.6639016799616550E-002
   2.3430517542530647E-002
   1.4594823735389010E-002
   8.8551162941340137E-003
   6.6307120759062053E-003
   1.0928594319864300E-002
   1.7544766394631074E-002
   2.7435274323322736E-002
   4.1787865207699268E-002
   6.1996828863561053E-002
   8.9591654061121975E-002
  0.12610847517634022     
  0.17290182732289813     
  0.23090527518039797     
  0.30036331861732196     
  0.38057329697732883     
  0.46968709338458670     
  0.56462181446411785     
  0.66112771114499802     
  0.75403569148164651     
  0.83767779866625613     
  0.90644383110828897     
  0.95539615172998316     
  0.98085485180929588     
  0.98085485180929588     
  0.95539615172998316     
  0.90644389787732627     
  0.83767793220433073     
  0.75403569148164651     
  0.66112804499018463     
  0.56462208154026716     
  0.46968729369169859     
  0.38057336374636613     
  0.30036338538635932     
  0.23090537533395392     
  0.17290196086097273     
  0.12610850856085887     
   8.9591695791770287E-002
   6.1996862248079702E-002
   4.1787881899958593E-002
   2.7435313967438636E-002
   1.7544781000357987E-002
   1.0928609968857418E-002
   6.6307120759062053E-003
   4.8362029125338952E-003
   7.9709273176189806E-003
   1.2796534296912392E-002
   2.0010321596813773E-002
   3.0478565313048607E-002
   4.5218283075721094E-002
   6.5344933027779967E-002
   9.1978989336101546E-002
  0.12610847517634022     
  0.16841408001849903     
  0.21907420238412803     
  0.27757659856515082     
  0.34257303477578077     
  0.41181493014668830     
  0.48220301619649675     
  0.54996674523502154     
  0.61097234600913763     
  0.66112771114499802     
  0.69683198646072986     
  0.71540052250436259     
  0.71540052250436259     
  0.69683198646072986     
  0.66112784468307273     
  0.61097247954721223     
  0.54996674523502154     
  0.48220324988812735     
  0.41181523060735620     
  0.34257320169837402     
  0.27757681556452207     
  0.21907430253768398     
  0.16841408001849903     
  0.12610850856085887     
   9.1979031066749872E-002
   6.5344995623752442E-002
   4.5218303941045250E-002
   3.0478594524502429E-002
   2.0010329942943439E-002
   1.2796538469977223E-002
   7.9709351421155400E-003
   4.8362076072318303E-003
   3.4357992959386978E-003
   5.6628145486683152E-003
   9.0910780719708362E-003
   1.4215998126309276E-002
   2.1652985971792511E-002
   3.2124570226425023E-002
   4.6423209642126477E-002
   6.5344933027779967E-002
   8.9591654061121975E-002
  0.11964696001403040     
  0.15563759103850514     
  0.19719964753510283     
  0.24337527758690136     
  0.29256703197637218     
  0.34257303477578077     
  0.39071454559295837     
  0.43405502878270058     
  0.46968709338458670     
  0.49505261727233996     
  0.50824430951081667     
  0.50824430951081667     
  0.49505261727233996     
  0.46968719353814264     
  0.43405502878270058     
  0.39071467913103297     
  0.34257320169837402     
  0.29256723228348408     
  0.24337539443271664     
  0.19719978107317743     
  0.15563765780754243     
  0.11964696001403040     
   8.9591695791770287E-002
   6.5344995623752442E-002
   4.6423234680515471E-002
   3.2124570226425023E-002
   2.1653015183246332E-002
   1.4216004385906523E-002
   9.0910864181005004E-003
   5.6628171568338347E-003
   3.4358011216545615E-003
   2.3775515244819391E-003
   3.9186283741000196E-003
   6.2909661757080040E-003
   9.8373764672559927E-003
   1.4983729382569424E-002
   2.2229991472990155E-002
   3.2124570226425023E-002
   4.5218283075721094E-002
   6.1996803825172059E-002
   8.2794908254761726E-002
  0.10770024324514774     
  0.13646085583405868     
  0.16841408001849903     
  0.20245455438588011     
  0.23705829235196846     
  0.27037190228698504     
  0.30036331861732196     
  0.32502045640378496     
  0.34257303477578077     
  0.35170183109423186     
  0.35170183109423186     
  0.34257320169837402     
  0.32502052317282232     
  0.30036331861732196     
  0.27037196905602234     
  0.23705839250552441     
  0.20245455438588011     
  0.16841416347979568     
  0.13646088921857732     
  0.10770025993740706     
   8.2794949985410038E-002
   6.1996862248079702E-002
   4.5218303941045250E-002
   3.2124570226425023E-002
   2.2230001905652236E-002
   1.4983737728699086E-002
   9.8373858566518629E-003
   6.2909755651038750E-003
   3.9186320255317477E-003
   2.3775515244819391E-003
   1.6025463554037967E-003
   2.6412832230570584E-003
   4.2403179444050806E-003
   6.6307120759062053E-003
   1.0099516924047520E-002
   1.4983737728699086E-002
   2.1652994317922173E-002
   3.0478579918775516E-002
   4.1787865207699268E-002
   5.5806437723358943E-002
   7.2593433967482843E-002
   9.1979031066749872E-002
  0.11351654416158774     
  0.13646088921857732     
  0.15978496648298129     
  0.18223941042100278     
  0.20245455438588011     
  0.21907425246090600     
  0.23090532525717594     
  0.23705839250552441     
  0.23705839250552441     
  0.23090537533395392     
  0.21907430253768398     
  0.20245455438588011     
  0.18223944380552143     
  0.15978499986749994     
  0.13646088921857732     
  0.11351657754610640     
   9.1979031066749872E-002
   7.2593467352001506E-002
   5.5806462761747930E-002
   4.1787881899958593E-002
   3.0478594524502429E-002
   2.1653015183246332E-002
   1.4983737728699086E-002
   1.0099522140378559E-002
   6.6307120759062053E-003
   4.2403179444050806E-003
   2.6412832230570584E-003
   1.6025479203031086E-003
   1.0521308408633196E-003
   1.7341014417696797E-003
   2.7839250994142399E-003
   4.3533094126842354E-003
   6.6307120759062053E-003
   9.8373816835870317E-003
   1.4215998126309276E-002
   2.0010321596813773E-002
   2.7435301448244142E-002
   3.6639016799616550E-002
   4.7660289673059186E-002
   6.0387661679985404E-002
   7.4527858170161457E-002
   8.9591654061121975E-002
  0.10490479892189902     
  0.11964696001403040     
  0.13291897540438535     
  0.14383043824984981     
  0.15159796412798038     
  0.15563765780754243     
  0.15563765780754243     
  0.15159801420475835     
  0.14383047163436846     
  0.13291897540438535     
  0.11964701843693804     
  0.10490483230641767     
   8.9591695791770287E-002
   7.4527891554680106E-002
   6.0387686718374391E-002
   4.7660314711448180E-002
   3.6639016799616550E-002
   2.7435313967438636E-002
   2.0010329942943439E-002
   1.4216004385906523E-002
   9.8373858566518629E-003
   6.6307120759062053E-003
   4.3533112384000995E-003
   2.7839277075797594E-003
   1.7341014417696797E-003
   1.0521318841295274E-003
   6.7283413188658323E-004
   1.1089510307935519E-003
   1.7803108319159658E-003
   2.7839250994142399E-003
   4.2403179444050806E-003
   6.2909687838735243E-003
   9.0910780719708362E-003
   1.2796534296912392E-002
   1.7544772654228321E-002
   2.3430517542530647E-002
   3.0478579918775516E-002
   3.8617704700963720E-002
   4.7660289673059186E-002
   5.7293555279805390E-002
   6.7086231963117915E-002
   7.6513828069639730E-002
   8.5001215977347389E-002
   9.1979031066749872E-002
   9.6946346981594045E-002
   9.9529757880750219E-002
   9.9529757880750219E-002
   9.6946388712242371E-002
   9.1979072797398184E-002
   8.5001215977347389E-002
   7.6513828069639730E-002
   6.7086265347636564E-002
   5.7293588664324040E-002
   4.7660314711448180E-002
   3.8617721393223045E-002
   3.0478594524502429E-002
   2.3430517542530647E-002
   1.7544781000357987E-002
   1.2796538469977223E-002
   9.0910864181005004E-003
   6.2909755651038750E-003
   4.2403179444050806E-003
   2.7839277075797594E-003
   1.7803108319159658E-003
   1.1089520740597599E-003
   6.7283478392796310E-004
   4.1910706282655434E-004
   6.9076344411891195E-004
   1.1089510307935519E-003
   1.7341014417696797E-003
   2.6412832230570584E-003
   3.9186304606324360E-003
   5.6628145486683152E-003
   7.9709273176189806E-003
   1.0928599536195339E-002
   1.4594823735389010E-002
   1.8985037125278215E-002
   2.4054881069969468E-002
   2.9687485759055773E-002
   3.5688012882083099E-002
   4.1787865207699268E-002
   4.7660289673059186E-002
   5.2947062046890432E-002
   5.7293555279805390E-002
   6.0387661679985404E-002
   6.1996862248079702E-002
   6.1996862248079702E-002
   6.0387686718374391E-002
   5.7293555279805390E-002
   5.2947062046890432E-002
   4.7660289673059186E-002
   4.1787881899958593E-002
   3.5688046266601756E-002
   2.9687498278250266E-002
   2.4054891502631546E-002
   1.8985055904069955E-002
   1.4594823735389010E-002
   1.0928609968857418E-002
   7.9709351421155400E-003
   5.6628171568338347E-003
   3.9186320255317477E-003
   2.6412832230570584E-003
   1.7341014417696797E-003
   1.1089520740597599E-003
   6.9076409616029182E-004
   4.1910706282655434E-004
   2.5428492306263167E-004
   4.1910706282655434E-004
   6.7283413188658323E-004
   1.0521308408633196E-003
   1.6025463554037967E-003
   2.3775515244819391E-003
   3.4357992959386978E-003
   4.8362029125338952E-003
   6.6307120759062053E-003
   8.8551162941340137E-003
   1.1518797138591814E-002
   1.4594823735389010E-002
   1.8012287366907406E-002
   2.1652994317922173E-002
   2.5353960325104952E-002
   2.8916939770566724E-002
   3.2124570226425023E-002
   3.4761717681417434E-002
   3.6639016799616550E-002
   3.7615372086001846E-002
   3.7615372086001846E-002
   3.6639016799616550E-002
   3.4761717681417434E-002
   3.2124586918684347E-002
   2.8916952289761221E-002
   2.5353972844299445E-002
   2.1653015183246332E-002
   1.8012304059166730E-002
   1.4594829994986257E-002
   1.1518802354922853E-002
   8.8551162941340137E-003
   6.6307120759062053E-003
   4.8362076072318303E-003
   3.4358011216545615E-003
   2.3775515244819391E-003
   1.6025479203031086E-003
   1.0521318841295274E-003
   6.7283478392796310E-004
   4.1910706282655434E-004
   2.5428492306263167E-004
